usage: manage.py runserver [-h] [--ipv6] [--nothreading] [--noreload]
                           [--nostatic] [--insecure] [--version]
                           [-v {0,1,2,3}] [--settings SETTINGS]
                           [--pythonpath PYTHONPATH] [--traceback]
                           [--no-color] [--force-color]
                           [addrport]
manage.py runserver: error: unrecognized arguments: nohup.out
Watching for file changes with StatReloader
System check identified some issues:

WARNINGS:
todos.Todo: (models.W042) Auto-created primary key used when not defining a primary key type, by default 'django.db.models.AutoField'.
	HINT: Configure the DEFAULT_AUTO_FIELD setting or the TodosConfig.default_auto_field attribute to point to a subclass of AutoField, e.g. 'django.db.models.BigAutoField'.

System check identified 1 issue (0 silenced).
Performing system checks...

November 29, 2024 - 01:37:13
Django version 3.2.19, using settings 'todoApp.settings'
Starting development server at http://0.0.0.0:8000/
Quit the server with CONTROL-C.
Watching for file changes with StatReloader
System check identified some issues:

WARNINGS:
todos.Todo: (models.W042) Auto-created primary key used when not defining a primary key type, by default 'django.db.models.AutoField'.
	HINT: Configure the DEFAULT_AUTO_FIELD setting or the TodosConfig.default_auto_field attribute to point to a subclass of AutoField, e.g. 'django.db.models.BigAutoField'.

System check identified 1 issue (0 silenced).
[29/Nov/2024 01:38:37] "POST /todos/add/ HTTP/1.1" 302 0
[29/Nov/2024 01:38:38] "GET /todos/ HTTP/1.1" 200 5452
[29/Nov/2024 01:38:38] "GET /static/css/style.css HTTP/1.1" 304 0
[29/Nov/2024 01:38:43] "POST /todos/add/ HTTP/1.1" 302 0
[29/Nov/2024 01:38:44] "GET /todos/ HTTP/1.1" 200 6032
[29/Nov/2024 01:38:49] "POST /todos/24/update HTTP/1.1" 302 0
[29/Nov/2024 01:38:50] "GET /todos/ HTTP/1.1" 200 6069
[29/Nov/2024 01:38:52] "POST /todos/25/update HTTP/1.1" 302 0
[29/Nov/2024 01:38:52] "GET /todos/ HTTP/1.1" 200 6106
